<?xml version="1.0" encoding="UTF-8"?>
<!-- Generated by org.testng.reporters.JUnitXMLReporter -->
<testsuite ignored="0" hostname="DESKTOP-D0ODKLV" failures="0" tests="6" name="Default test" time="9.812" errors="0" timestamp="2020-02-10T16:10:20 IST">
  <testcase classname="TestCases.DELETE_Employee_Record" name="checkContentEncoding" time="0.028"/>
  <testcase classname="TestCases.DELETE_Employee_Record" name="checkContentType" time="0.0"/>
  <testcase classname="TestCases.DELETE_Employee_Record" name="checkResponseBody" time="0.02"/>
  <testcase classname="TestCases.DELETE_Employee_Record" name="checkServerType" time="0.0"/>
  <testcase classname="TestCases.DELETE_Employee_Record" name="checkStatusCode" time="0.003"/>
  <testcase classname="TestCases.DELETE_Employee_Record" name="checkStatusLine" time="0.0"/>
</testsuite> <!-- Default test -->
