<?xml version="1.0" encoding="UTF-8"?>
<!-- Generated by org.testng.reporters.JUnitXMLReporter -->
<testsuite ignored="0" hostname="DESKTOP-D0ODKLV" failures="0" tests="27" name="Test" time="22.256" errors="0" timestamp="2020-02-10T17:38:40 IST">
  <testcase classname="TestCases.PUT_Employee_Record" name="checkContentEncoding" time="0.018"/>
  <testcase classname="TestCases.PUT_Employee_Record" name="checkContentType" time="0.0"/>
  <testcase classname="TestCases.PUT_Employee_Record" name="checkResponseBody" time="0.023"/>
  <testcase classname="TestCases.PUT_Employee_Record" name="checkServerType" time="0.001"/>
  <testcase classname="TestCases.PUT_Employee_Record" name="checkStatusCode" time="0.003"/>
  <testcase classname="TestCases.PUT_Employee_Record" name="checkStatusLine" time="0.0"/>
  <testcase classname="TestCases.DELETE_Employee_Record" name="checkContentEncoding" time="0.001"/>
  <testcase classname="TestCases.DELETE_Employee_Record" name="checkContentType" time="0.0"/>
  <testcase classname="TestCases.DELETE_Employee_Record" name="checkResponseBody" time="0.008"/>
  <testcase classname="TestCases.DELETE_Employee_Record" name="checkServerType" time="0.002"/>
  <testcase classname="TestCases.DELETE_Employee_Record" name="checkStatusCode" time="0.0"/>
  <testcase classname="TestCases.DELETE_Employee_Record" name="checkStatusLine" time="0.0"/>
  <testcase classname="TestCases.GET_All_EmployeesData" name="checkContentEncoding" time="0.005"/>
  <testcase classname="TestCases.GET_All_EmployeesData" name="checkContentLength" time="0.002"/>
  <testcase classname="TestCases.GET_All_EmployeesData" name="checkContentType" time="0.005"/>
  <testcase classname="TestCases.GET_All_EmployeesData" name="checkCookies" time="0.007"/>
  <testcase classname="TestCases.GET_All_EmployeesData" name="checkResponseBody" time="0.007"/>
  <testcase classname="TestCases.GET_All_EmployeesData" name="checkResponseTime" time="0.006"/>
  <testcase classname="TestCases.GET_All_EmployeesData" name="checkServerType" time="0.004"/>
  <testcase classname="TestCases.GET_All_EmployeesData" name="checkStatusCode" time="0.0"/>
  <testcase classname="TestCases.GET_All_EmployeesData" name="checkStatusLine" time="0.013"/>
  <testcase classname="TestCases.POST_Employee_Record" name="checkContentEncoding" time="0.003"/>
  <testcase classname="TestCases.POST_Employee_Record" name="checkContentType" time="0.005"/>
  <testcase classname="TestCases.POST_Employee_Record" name="checkResponseBody" time="0.008"/>
  <testcase classname="TestCases.POST_Employee_Record" name="checkServerType" time="0.003"/>
  <testcase classname="TestCases.POST_Employee_Record" name="checkStatusCode" time="0.002"/>
  <testcase classname="TestCases.POST_Employee_Record" name="checkStatusLine" time="0.001"/>
</testsuite> <!-- Test -->
